Connection to the database was created!
[GIN] 2016/12/07 - 22:54:29 |[97;42m 200 [0m|     145.447µs | ::1 |[97;44m  [0m GET     /
[GIN] 2016/12/07 - 22:54:29 |[90;47m 304 [0m|      56.248µs | ::1 |[97;44m  [0m GET     /src/builds/styles.css
[GIN] 2016/12/07 - 22:54:29 |[90;47m 304 [0m|      49.963µs | ::1 |[97;44m  [0m GET     /src/builds/scripts.js
[GIN] 2016/12/07 - 22:54:29 |[97;42m 200 [0m|      83.016µs | ::1 |[97;44m  [0m GET     /api/auth/check
[GIN] 2016/12/07 - 22:54:29 |[97;42m 200 [0m|     750.044µs | ::1 |[97;44m  [0m GET     /api/boards/get_all_boards
[GIN] 2016/12/07 - 22:54:29 |[97;42m 200 [0m|    1.796482ms | ::1 |[97;44m  [0m GET     /api/threads/get_all_threads
[GIN] 2016/12/07 - 22:54:30 |[97;42m 200 [0m|     801.734µs | ::1 |[97;44m  [0m GET     /api/boards/get_all_boards
[GIN] 2016/12/07 - 22:54:30 |[97;42m 200 [0m|      51.871µs | ::1 |[97;44m  [0m GET     /api/auth/check
[GIN] 2016/12/07 - 22:54:30 |[97;42m 200 [0m|     809.506µs | ::1 |[97;44m  [0m GET     /api/auth/admin
[GIN] 2016/12/07 - 22:54:30 |[97;42m 200 [0m|     623.728µs | ::1 |[97;44m  [0m GET     /api/auth/admin
[GIN] 2016/12/07 - 22:54:30 |[97;42m 200 [0m|      17.934µs | ::1 |[97;44m  [0m GET     /errors
[GIN] 2016/12/07 - 22:54:31 |[97;42m 200 [0m|      32.832µs | ::1 |[97;44m  [0m GET     /api/auth/check
[GIN] 2016/12/07 - 22:54:31 |[97;42m 200 [0m|      35.136µs | ::1 |[97;44m  [0m GET     /api/auth/check
[GIN] 2016/12/07 - 22:54:31 |[97;42m 200 [0m|      48.182µs | ::1 |[97;44m  [0m GET     /api/auth/check
[GIN] 2016/12/07 - 22:54:31 |[97;42m 200 [0m|      694.33µs | ::1 |[97;44m  [0m GET     /api/auth/admin
[GIN] 2016/12/07 - 22:54:31 |[97;42m 200 [0m|    7.036557ms | ::1 |[97;44m  [0m GET     /api/errors/get_all_errors
[GIN] 2016/12/07 - 22:54:31 |[97;42m 200 [0m|     672.584µs | ::1 |[97;44m  [0m GET     /api/auth/admin
[GIN] 2016/12/07 - 22:54:39 |[97;42m 200 [0m|  145.707853ms | ::1 |[97;46m  [0m POST    /api/errors/close_all_errors
[GIN] 2016/12/07 - 22:54:39 |[97;42m 200 [0m|   12.308073ms | ::1 |[97;44m  [0m GET     /api/errors/get_all_errors
[GIN] 2016/12/07 - 22:54:40 |[97;42m 200 [0m|      23.387µs | ::1 |[97;44m  [0m GET     /control
[GIN] 2016/12/07 - 22:54:40 |[97;42m 200 [0m|      49.105µs | ::1 |[97;44m  [0m GET     /api/auth/check
[GIN] 2016/12/07 - 22:54:40 |[97;42m 200 [0m|      35.204µs | ::1 |[97;44m  [0m GET     /api/auth/check
[GIN] 2016/12/07 - 22:54:41 |[97;42m 200 [0m|      32.599µs | ::1 |[97;44m  [0m GET     /api/auth/check
[GIN] 2016/12/07 - 22:54:41 |[97;42m 200 [0m|     741.585µs | ::1 |[97;44m  [0m GET     /api/auth/admin
[GIN] 2016/12/07 - 22:54:41 |[97;42m 200 [0m|     703.032µs | ::1 |[97;44m  [0m GET     /api/auth/admin
[GIN] 2016/12/07 - 22:55:17 |[97;42m 200 [0m|      19.043µs | ::1 |[97;44m  [0m GET     /control
[GIN] 2016/12/07 - 22:55:17 |[90;47m 304 [0m|      45.022µs | ::1 |[97;44m  [0m GET     /src/builds/styles.css
[GIN] 2016/12/07 - 22:55:17 |[90;47m 304 [0m|      54.427µs | ::1 |[97;44m  [0m GET     /src/builds/scripts.js
[GIN] 2016/12/07 - 22:55:17 |[97;42m 200 [0m|      33.406µs | ::1 |[97;44m  [0m GET     /api/auth/check
[GIN] 2016/12/07 - 22:55:17 |[97;42m 200 [0m|      32.501µs | ::1 |[97;44m  [0m GET     /api/auth/check
[GIN] 2016/12/07 - 22:55:17 |[97;42m 200 [0m|       39.87µs | ::1 |[97;44m  [0m GET     /api/auth/check
[GIN] 2016/12/07 - 22:55:17 |[97;42m 200 [0m|     731.998µs | ::1 |[97;44m  [0m GET     /api/auth/admin
[GIN] 2016/12/07 - 22:55:17 |[97;42m 200 [0m|      659.49µs | ::1 |[97;44m  [0m GET     /api/auth/admin
[GIN] 2016/12/07 - 22:55:18 |[97;42m 200 [0m|      16.954µs | ::1 |[97;44m  [0m GET     /control
[GIN] 2016/12/07 - 22:55:18 |[90;47m 304 [0m|      41.765µs | ::1 |[97;44m  [0m GET     /src/builds/styles.css
[GIN] 2016/12/07 - 22:55:18 |[90;47m 304 [0m|      53.233µs | ::1 |[97;44m  [0m GET     /src/builds/scripts.js
[GIN] 2016/12/07 - 22:55:19 |[97;42m 200 [0m|      31.447µs | ::1 |[97;44m  [0m GET     /api/auth/check
[GIN] 2016/12/07 - 22:55:19 |[97;42m 200 [0m|      31.095µs | ::1 |[97;44m  [0m GET     /api/auth/check
[GIN] 2016/12/07 - 22:55:19 |[97;42m 200 [0m|      54.859µs | ::1 |[97;44m  [0m GET     /api/auth/check
[GIN] 2016/12/07 - 22:55:19 |[97;42m 200 [0m|     652.913µs | ::1 |[97;44m  [0m GET     /api/auth/admin
[GIN] 2016/12/07 - 22:55:19 |[97;42m 200 [0m|     648.569µs | ::1 |[97;44m  [0m GET     /api/auth/admin
